WARNING:root:aba.csv neither in raw1 nor raw2
WARNING:root:abai.csv neither in raw1 nor raw2
WARNING:root:abanyom.csv neither in raw1 nor raw2
aba.csv neither in raw1 nor raw2 2021-12-26 22:36:26,583
abai.csv neither in raw1 nor raw2 2021-12-26 22:36:28,726
abanyom.csv neither in raw1 nor raw2 2021-12-26 22:36:31,395
abenlen_ayta.csv neither in raw1 nor raw2 2021-12-26 22:36:33,412
abidji.csv neither in raw1 nor raw2 2021-12-26 22:36:36,099
abipon.csv neither in raw1 nor raw2 2021-12-26 22:36:46,442
abon.csv neither in raw1 nor raw2 2021-12-26 22:36:55,580
abron.csv neither in raw1 nor raw2 2021-12-26 22:36:57,912
abu.csv neither in raw1 nor raw2 2021-12-26 22:36:59,867
abu'_arapesh.csv neither in raw1 nor raw2 2021-12-26 22:37:02,112
abua.csv neither in raw1 nor raw2 2021-12-26 22:37:04,365
abui.csv neither in raw1 nor raw2 2021-12-26 22:37:06,717
abun.csv neither in raw1 nor raw2 2021-12-26 22:37:08,969
abung.csv neither in raw1 nor raw2 2021-12-26 22:37:11,742
abure.csv neither in raw1 nor raw2 2021-12-26 22:37:14,089
acatepec_me'phaa.csv neither in raw1 nor raw2 2021-12-26 22:40:08,106
achagua.csv neither in raw1 nor raw2 2021-12-26 22:40:18,921
achang.csv neither in raw1 nor raw2 2021-12-26 22:40:21,070
acheron.csv neither in raw1 nor raw2 2021-12-26 22:40:23,148
achi.csv neither in raw1 nor raw2 2021-12-26 22:40:25,239
achumawi.csv neither in raw1 nor raw2 2021-12-26 22:40:41,961
aba.csv neither in raw1 nor raw2 2021-12-26 22:49:44,384
abai.csv neither in raw1 nor raw2 2021-12-26 22:49:53,777
abanyom.csv neither in raw1 nor raw2 2021-12-26 22:49:56,024
